<?xml version="1.0" encoding="UTF-8"?>
<testng-results ignored="1" total="3" passed="1" failed="1" skipped="0">
  <reporter-output>
  </reporter-output>
  <suite started-at="2021-01-18T22:13:48 SGT" name="Default suite" finished-at="2021-01-18T22:14:00 SGT" duration-ms="12104">
    <groups>
    </groups>
    <test started-at="2021-01-18T22:13:48 SGT" name="Default test" finished-at="2021-01-18T22:14:00 SGT" duration-ms="12104">
      <class name="Validations.HomePageValidation">
        <test-method is-config="true" signature="setup()[pri:0, instance:Validations.HomePageValidation@39529185]" started-at="2021-01-18T22:13:48 SGT" name="setup" finished-at="2021-01-18T22:13:53 SGT" duration-ms="4397" status="PASS">
          <reporter-output>
          </reporter-output>
        </test-method> <!-- setup -->
        <test-method signature="TC03_Validate4dayforecast_dayaftertomorrowtempfromweb()[pri:1, instance:Validations.HomePageValidation@39529185]" started-at="2021-01-18T22:13:53 SGT" name="TC03_Validate4dayforecast_dayaftertomorrowtempfromweb" finished-at="2021-01-18T22:13:59 SGT" duration-ms="6054" status="FAIL">
          <exception class="java.lang.AssertionError">
            <message>
              <![CDATA[expected [34] but found [33]]]>
            </message>
            <full-stacktrace>
              <![CDATA[java.lang.AssertionError: expected [34] but found [33]
at org.testng.Assert.fail(Assert.java:99)
at org.testng.Assert.failNotEquals(Assert.java:1037)
at org.testng.Assert.assertEqualsImpl(Assert.java:140)
at org.testng.Assert.assertEquals(Assert.java:122)
at org.testng.Assert.assertEquals(Assert.java:907)
at org.testng.Assert.assertEquals(Assert.java:917)
at Validations.HomePageValidation.TC03_Validate4dayforecast_dayaftertomorrowtempfromweb(HomePageValidation.java:80)
at java.base/jdk.internal.reflect.NativeMethodAccessorImpl.invoke0(Native Method)
at java.base/jdk.internal.reflect.NativeMethodAccessorImpl.invoke(NativeMethodAccessorImpl.java:62)
at java.base/jdk.internal.reflect.DelegatingMethodAccessorImpl.invoke(DelegatingMethodAccessorImpl.java:43)
at java.base/java.lang.reflect.Method.invoke(Method.java:567)
at org.testng.internal.MethodInvocationHelper.invokeMethod(MethodInvocationHelper.java:132)
at org.testng.internal.TestInvoker.invokeMethod(TestInvoker.java:599)
at org.testng.internal.TestInvoker.invokeTestMethod(TestInvoker.java:174)
at org.testng.internal.MethodRunner.runInSequence(MethodRunner.java:46)
at org.testng.internal.TestInvoker$MethodInvocationAgent.invoke(TestInvoker.java:822)
at org.testng.internal.TestInvoker.invokeTestMethods(TestInvoker.java:147)
at org.testng.internal.TestMethodWorker.invokeTestMethods(TestMethodWorker.java:146)
at org.testng.internal.TestMethodWorker.run(TestMethodWorker.java:128)
at java.base/java.util.ArrayList.forEach(ArrayList.java:1507)
at org.testng.TestRunner.privateRun(TestRunner.java:764)
at org.testng.TestRunner.run(TestRunner.java:585)
at org.testng.SuiteRunner.runTest(SuiteRunner.java:384)
at org.testng.SuiteRunner.runSequentially(SuiteRunner.java:378)
at org.testng.SuiteRunner.privateRun(SuiteRunner.java:337)
at org.testng.SuiteRunner.run(SuiteRunner.java:286)
at org.testng.SuiteRunnerWorker.runSuite(SuiteRunnerWorker.java:53)
at org.testng.SuiteRunnerWorker.run(SuiteRunnerWorker.java:96)
at org.testng.TestNG.runSuitesSequentially(TestNG.java:1218)
at org.testng.TestNG.runSuitesLocally(TestNG.java:1140)
at org.testng.TestNG.runSuites(TestNG.java:1069)
at org.testng.TestNG.run(TestNG.java:1037)
at org.testng.remote.AbstractRemoteTestNG.run(AbstractRemoteTestNG.java:115)
at org.testng.remote.RemoteTestNG.initAndRun(RemoteTestNG.java:251)
at org.testng.remote.RemoteTestNG.main(RemoteTestNG.java:77)
]]>
            </full-stacktrace>
          </exception> <!-- java.lang.AssertionError -->
          <reporter-output>
          </reporter-output>
        </test-method> <!-- TC03_Validate4dayforecast_dayaftertomorrowtempfromweb -->
        <test-method signature="TC01_StartBrowserandValidatePageTitle()[pri:2, instance:Validations.HomePageValidation@39529185]" started-at="2021-01-18T22:13:59 SGT" name="TC01_StartBrowserandValidatePageTitle" finished-at="2021-01-18T22:13:59 SGT" duration-ms="644" status="PASS">
          <reporter-output>
          </reporter-output>
        </test-method> <!-- TC01_StartBrowserandValidatePageTitle -->
        <test-method is-config="true" signature="CloseDriver()[pri:0, instance:Validations.HomePageValidation@39529185]" started-at="2021-01-18T22:13:59 SGT" name="CloseDriver" finished-at="2021-01-18T22:14:00 SGT" duration-ms="958" status="PASS">
          <reporter-output>
          </reporter-output>
        </test-method> <!-- CloseDriver -->
      </class> <!-- Validations.HomePageValidation -->
    </test> <!-- Default test -->
  </suite> <!-- Default suite -->
</testng-results>
